[2021/04/24 14:31:40]  => Start Train && Test && Evaluate for sloss_v2
/home/mzero/opts/miniConda/envs/cuda110base/lib/python3.7/site-packages/torch/nn/functional.py:3455: UserWarning: Default upsampling behavior when mode=bilinear is changed to align_corners=False since 0.4.0. Please specify align_corners=True if the old behavior is desired. See the documentation of nn.Upsample for details.
  "See the documentation of nn.Upsample for details.".format(mode)
/home/mzero/opts/miniConda/envs/cuda110base/lib/python3.7/site-packages/torch/nn/functional.py:3500: UserWarning: The default behavior for interpolate/upsample with float scale_factor changed in 1.6.0 to align with other frameworks/libraries, and now uses scale_factor directly, instead of relying on the computed output size. If you wish to restore the old behavior, please set recompute_scale_factor=True. See the documentation of nn.Upsample for details. 
  "The default behavior for interpolate/upsample with float scale_factor changed "
/home/mzero/opts/miniConda/envs/cuda110base/lib/python3.7/site-packages/torch/nn/_reduction.py:42: UserWarning: size_average and reduce args will be deprecated, please use reduction='mean' instead.
  warnings.warn(warning.format(ret))
/home/mzero/opts/miniConda/envs/cuda110base/lib/python3.7/site-packages/torch/nn/functional.py:3455: UserWarning: Default upsampling behavior when mode=bilinear is changed to align_corners=False since 0.4.0. Please specify align_corners=True if the old behavior is desired. See the documentation of nn.Upsample for details.
  "See the documentation of nn.Upsample for details.".format(mode)
/home/mzero/opts/miniConda/envs/cuda110base/lib/python3.7/site-packages/torch/nn/functional.py:3500: UserWarning: The default behavior for interpolate/upsample with float scale_factor changed in 1.6.0 to align with other frameworks/libraries, and now uses scale_factor directly, instead of relying on the computed output size. If you wish to restore the old behavior, please set recompute_scale_factor=True. See the documentation of nn.Upsample for details. 
  "The default behavior for interpolate/upsample with float scale_factor changed "
[INFO] => [2021-04-24 15:16:47] => [Using Dataset CAMO]
[INFO] => [2021-04-24 15:17:05] => [Using Dataset CHAMELEON]
[INFO] => [2021-04-24 15:17:13] => [Using Dataset COD10K_all_cam]
[INFO] => [2021-04-24 15:19:45] => [TEST DONE]
[INFO] => [2021-04-24 15:24:14] => [METRIC DONE: ./Result/SINet_COD10K_AllCam_sloss_v2/COD10K_all_cam]
{'Smeasure': 0.79, 'wFmeasure': 0.65, 'MAE': 0.04, 'adpEm': 0.875, 'meanEm': 0.879, 'maxEm': 0.89, 'adpFm': 0.673, 'meanFm': 0.692, 'maxFm': 0.711}
[INFO] => [2021-04-24 15:24:42] => [METRIC DONE: ./Result/SINet_COD10K_AllCam_sloss_v2/CAMO]
{'Smeasure': 0.702, 'wFmeasure': 0.576, 'MAE': 0.11, 'adpEm': 0.777, 'meanEm': 0.748, 'maxEm': 0.78, 'adpFm': 0.651, 'meanFm': 0.635, 'maxFm': 0.644}
[INFO] => [2021-04-24 15:24:55] => [METRIC DONE: ./Result/SINet_COD10K_AllCam_sloss_v2/CHAMELEON]
{'Smeasure': 0.875, 'wFmeasure': 0.801, 'MAE': 0.034, 'adpEm': 0.937, 'meanEm': 0.943, 'maxEm': 0.96, 'adpFm': 0.812, 'meanFm': 0.821, 'maxFm': 0.84}
[2021/04/24 15:32:03]  => Start Train && Test && Evaluate for sloss_decs
/home/mzero/opts/miniConda/envs/cuda110base/lib/python3.7/site-packages/torch/nn/_reduction.py:42: UserWarning: size_average and reduce args will be deprecated, please use reduction='mean' instead.
  warnings.warn(warning.format(ret))
[INFO] => [2021-04-24 16:41:44] => [Using Dataset CAMO]
[INFO] => [2021-04-24 16:42:01] => [Using Dataset CHAMELEON]
[INFO] => [2021-04-24 16:42:08] => [Using Dataset COD10K_all_cam]
[INFO] => [2021-04-24 16:44:31] => [TEST DONE]
[2021/04/24 16:48:09]  => Start Train && Test && Evaluate for sloss100_v2
/home/mzero/opts/miniConda/envs/cuda110base/lib/python3.7/site-packages/torch/nn/functional.py:3455: UserWarning: Default upsampling behavior when mode=bilinear is changed to align_corners=False since 0.4.0. Please specify align_corners=True if the old behavior is desired. See the documentation of nn.Upsample for details.
  "See the documentation of nn.Upsample for details.".format(mode)
/home/mzero/opts/miniConda/envs/cuda110base/lib/python3.7/site-packages/torch/nn/functional.py:3500: UserWarning: The default behavior for interpolate/upsample with float scale_factor changed in 1.6.0 to align with other frameworks/libraries, and now uses scale_factor directly, instead of relying on the computed output size. If you wish to restore the old behavior, please set recompute_scale_factor=True. See the documentation of nn.Upsample for details. 
  "The default behavior for interpolate/upsample with float scale_factor changed "
/home/mzero/opts/miniConda/envs/cuda110base/lib/python3.7/site-packages/torch/nn/_reduction.py:42: UserWarning: size_average and reduce args will be deprecated, please use reduction='mean' instead.
  warnings.warn(warning.format(ret))
[INFO] => [2021-04-24 16:49:04] => [METRIC DONE: ./Result/SINet_COD10K_AllCam_sloss_decs/COD10K_all_cam]
{'Smeasure': 0.805, 'wFmeasure': 0.679, 'MAE': 0.037, 'adpEm': 0.887, 'meanEm': 0.886, 'maxEm': 0.896, 'adpFm': 0.707, 'meanFm': 0.719, 'maxFm': 0.736}
[INFO] => [2021-04-24 16:49:41] => [METRIC DONE: ./Result/SINet_COD10K_AllCam_sloss_decs/CAMO]
{'Smeasure': 0.711, 'wFmeasure': 0.591, 'MAE': 0.107, 'adpEm': 0.782, 'meanEm': 0.759, 'maxEm': 0.793, 'adpFm': 0.667, 'meanFm': 0.65, 'maxFm': 0.662}
[INFO] => [2021-04-24 16:49:58] => [METRIC DONE: ./Result/SINet_COD10K_AllCam_sloss_decs/CHAMELEON]
{'Smeasure': 0.875, 'wFmeasure': 0.814, 'MAE': 0.034, 'adpEm': 0.939, 'meanEm': 0.928, 'maxEm': 0.943, 'adpFm': 0.835, 'meanFm': 0.835, 'maxFm': 0.849}
/home/mzero/opts/miniConda/envs/cuda110base/lib/python3.7/site-packages/torch/nn/functional.py:3455: UserWarning: Default upsampling behavior when mode=bilinear is changed to align_corners=False since 0.4.0. Please specify align_corners=True if the old behavior is desired. See the documentation of nn.Upsample for details.
  "See the documentation of nn.Upsample for details.".format(mode)
/home/mzero/opts/miniConda/envs/cuda110base/lib/python3.7/site-packages/torch/nn/functional.py:3500: UserWarning: The default behavior for interpolate/upsample with float scale_factor changed in 1.6.0 to align with other frameworks/libraries, and now uses scale_factor directly, instead of relying on the computed output size. If you wish to restore the old behavior, please set recompute_scale_factor=True. See the documentation of nn.Upsample for details. 
  "The default behavior for interpolate/upsample with float scale_factor changed "
[INFO] => [2021-04-24 17:58:29] => [Using Dataset CAMO]
[INFO] => [2021-04-24 17:58:46] => [Using Dataset CHAMELEON]
[INFO] => [2021-04-24 17:58:53] => [Using Dataset COD10K_all_cam]
[INFO] => [2021-04-24 18:01:22] => [TEST DONE]
[INFO] => [2021-04-24 18:06:06] => [METRIC DONE: ./Result/SINet_COD10K_AllCam_sloss100_v2/COD10K_all_cam]
{'Smeasure': 0.788, 'wFmeasure': 0.644, 'MAE': 0.041, 'adpEm': 0.867, 'meanEm': 0.875, 'maxEm': 0.887, 'adpFm': 0.667, 'meanFm': 0.686, 'maxFm': 0.707}
[INFO] => [2021-04-24 18:06:37] => [METRIC DONE: ./Result/SINet_COD10K_AllCam_sloss100_v2/CAMO]
{'Smeasure': 0.708, 'wFmeasure': 0.587, 'MAE': 0.11, 'adpEm': 0.787, 'meanEm': 0.76, 'maxEm': 0.795, 'adpFm': 0.662, 'meanFm': 0.647, 'maxFm': 0.658}
[INFO] => [2021-04-24 18:06:51] => [METRIC DONE: ./Result/SINet_COD10K_AllCam_sloss100_v2/CHAMELEON]
{'Smeasure': 0.874, 'wFmeasure': 0.804, 'MAE': 0.034, 'adpEm': 0.932, 'meanEm': 0.936, 'maxEm': 0.951, 'adpFm': 0.814, 'meanFm': 0.825, 'maxFm': 0.845}
[2021/04/24 18:06:56]  => Start Train && Test && Evaluate for sloss100_decs
/home/mzero/opts/miniConda/envs/cuda110base/lib/python3.7/site-packages/torch/nn/_reduction.py:42: UserWarning: size_average and reduce args will be deprecated, please use reduction='mean' instead.
  warnings.warn(warning.format(ret))
[INFO] => [2021-04-24 19:55:53] => [Using Dataset CAMO]
[INFO] => [2021-04-24 19:56:10] => [Using Dataset CHAMELEON]
[INFO] => [2021-04-24 19:56:17] => [Using Dataset COD10K_all_cam]
[INFO] => [2021-04-24 19:58:39] => [TEST DONE]
[INFO] => [2021-04-24 20:03:04] => [METRIC DONE: ./Result/SINet_COD10K_AllCam_sloss100_decs/COD10K_all_cam]
{'Smeasure': 0.8, 'wFmeasure': 0.675, 'MAE': 0.037, 'adpEm': 0.888, 'meanEm': 0.884, 'maxEm': 0.892, 'adpFm': 0.706, 'meanFm': 0.716, 'maxFm': 0.729}
[INFO] => [2021-04-24 20:03:33] => [METRIC DONE: ./Result/SINet_COD10K_AllCam_sloss100_decs/CAMO]
{'Smeasure': 0.706, 'wFmeasure': 0.585, 'MAE': 0.109, 'adpEm': 0.782, 'meanEm': 0.755, 'maxEm': 0.793, 'adpFm': 0.661, 'meanFm': 0.642, 'maxFm': 0.656}
[INFO] => [2021-04-24 20:03:45] => [METRIC DONE: ./Result/SINet_COD10K_AllCam_sloss100_decs/CHAMELEON]
{'Smeasure': 0.875, 'wFmeasure': 0.814, 'MAE': 0.034, 'adpEm': 0.939, 'meanEm': 0.929, 'maxEm': 0.939, 'adpFm': 0.833, 'meanFm': 0.834, 'maxFm': 0.847}
[2021/04/24 20:03:50]  => Start Train && Test && Evaluate for bce100_v2
/home/mzero/opts/miniConda/envs/cuda110base/lib/python3.7/site-packages/torch/nn/functional.py:3455: UserWarning: Default upsampling behavior when mode=bilinear is changed to align_corners=False since 0.4.0. Please specify align_corners=True if the old behavior is desired. See the documentation of nn.Upsample for details.
  "See the documentation of nn.Upsample for details.".format(mode)
/home/mzero/opts/miniConda/envs/cuda110base/lib/python3.7/site-packages/torch/nn/functional.py:3500: UserWarning: The default behavior for interpolate/upsample with float scale_factor changed in 1.6.0 to align with other frameworks/libraries, and now uses scale_factor directly, instead of relying on the computed output size. If you wish to restore the old behavior, please set recompute_scale_factor=True. See the documentation of nn.Upsample for details. 
  "The default behavior for interpolate/upsample with float scale_factor changed "
/home/mzero/opts/miniConda/envs/cuda110base/lib/python3.7/site-packages/torch/nn/_reduction.py:42: UserWarning: size_average and reduce args will be deprecated, please use reduction='mean' instead.
  warnings.warn(warning.format(ret))
/home/mzero/opts/miniConda/envs/cuda110base/lib/python3.7/site-packages/torch/nn/functional.py:3455: UserWarning: Default upsampling behavior when mode=bilinear is changed to align_corners=False since 0.4.0. Please specify align_corners=True if the old behavior is desired. See the documentation of nn.Upsample for details.
  "See the documentation of nn.Upsample for details.".format(mode)
/home/mzero/opts/miniConda/envs/cuda110base/lib/python3.7/site-packages/torch/nn/functional.py:3500: UserWarning: The default behavior for interpolate/upsample with float scale_factor changed in 1.6.0 to align with other frameworks/libraries, and now uses scale_factor directly, instead of relying on the computed output size. If you wish to restore the old behavior, please set recompute_scale_factor=True. See the documentation of nn.Upsample for details. 
  "The default behavior for interpolate/upsample with float scale_factor changed "
[INFO] => [Test SINetv1, Aug=False, Align=True]
[INFO] => [2021-04-24 21:13:52] => [Using Dataset CAMO]
[INFO] => [2021-04-24 21:14:09] => [Using Dataset CHAMELEON]
[INFO] => [2021-04-24 21:14:16] => [Using Dataset COD10K_all_cam]
[INFO] => [2021-04-24 21:16:34] => [TEST DONE]
[INFO] => [2021-04-24 21:21:14] => [METRIC DONE: ./Result/SINet_COD10K_AllCam_bce100_v2/COD10K_all_cam]
{'Smeasure': 0.789, 'wFmeasure': 0.65, 'MAE': 0.04, 'adpEm': 0.875, 'meanEm': 0.878, 'maxEm': 0.889, 'adpFm': 0.678, 'meanFm': 0.693, 'maxFm': 0.709}
[INFO] => [2021-04-24 21:21:47] => [METRIC DONE: ./Result/SINet_COD10K_AllCam_bce100_v2/CAMO]
{'Smeasure': 0.71, 'wFmeasure': 0.589, 'MAE': 0.107, 'adpEm': 0.782, 'meanEm': 0.755, 'maxEm': 0.796, 'adpFm': 0.666, 'meanFm': 0.651, 'maxFm': 0.661}
[INFO] => [2021-04-24 21:22:01] => [METRIC DONE: ./Result/SINet_COD10K_AllCam_bce100_v2/CHAMELEON]
{'Smeasure': 0.877, 'wFmeasure': 0.81, 'MAE': 0.034, 'adpEm': 0.936, 'meanEm': 0.93, 'maxEm': 0.942, 'adpFm': 0.824, 'meanFm': 0.832, 'maxFm': 0.848}
./op.sh: line 55: _v2: command not found
[2021/04/24 21:22:06]  => Start Train && Test && Evaluate for sloss100aug_v2
/home/mzero/opts/miniConda/envs/cuda110base/lib/python3.7/site-packages/torch/nn/functional.py:3455: UserWarning: Default upsampling behavior when mode=bilinear is changed to align_corners=False since 0.4.0. Please specify align_corners=True if the old behavior is desired. See the documentation of nn.Upsample for details.
  "See the documentation of nn.Upsample for details.".format(mode)
/home/mzero/opts/miniConda/envs/cuda110base/lib/python3.7/site-packages/torch/nn/functional.py:3500: UserWarning: The default behavior for interpolate/upsample with float scale_factor changed in 1.6.0 to align with other frameworks/libraries, and now uses scale_factor directly, instead of relying on the computed output size. If you wish to restore the old behavior, please set recompute_scale_factor=True. See the documentation of nn.Upsample for details. 
  "The default behavior for interpolate/upsample with float scale_factor changed "
/home/mzero/opts/miniConda/envs/cuda110base/lib/python3.7/site-packages/torch/nn/_reduction.py:42: UserWarning: size_average and reduce args will be deprecated, please use reduction='mean' instead.
  warnings.warn(warning.format(ret))
[2021/04/24 21:26:52]  => Start Train && Test && Evaluate for sloss100aug_v2
/home/mzero/opts/miniConda/envs/cuda110base/lib/python3.7/site-packages/torch/nn/functional.py:3455: UserWarning: Default upsampling behavior when mode=bilinear is changed to align_corners=False since 0.4.0. Please specify align_corners=True if the old behavior is desired. See the documentation of nn.Upsample for details.
  "See the documentation of nn.Upsample for details.".format(mode)
/home/mzero/opts/miniConda/envs/cuda110base/lib/python3.7/site-packages/torch/nn/functional.py:3500: UserWarning: The default behavior for interpolate/upsample with float scale_factor changed in 1.6.0 to align with other frameworks/libraries, and now uses scale_factor directly, instead of relying on the computed output size. If you wish to restore the old behavior, please set recompute_scale_factor=True. See the documentation of nn.Upsample for details. 
  "The default behavior for interpolate/upsample with float scale_factor changed "
/home/mzero/opts/miniConda/envs/cuda110base/lib/python3.7/site-packages/torch/nn/_reduction.py:42: UserWarning: size_average and reduce args will be deprecated, please use reduction='mean' instead.
  warnings.warn(warning.format(ret))
[INFO] => [Test SINetv2, Aug=Ture, Align=False]
[INFO] => [2021-04-24 22:43:20] => [Using Dataset CAMO]
Traceback (most recent call last):
  File "test.py", line 71, in <module>
    test(opt)
  File "test.py", line 40, in test
    image, gt, name = test_loader.load_data()
ValueError: too many values to unpack (expected 3)
[2021/04/24 22:43:25]  => Start Train && Test && Evaluate for sloss100aug_decs
/home/mzero/opts/miniConda/envs/cuda110base/lib/python3.7/site-packages/torch/nn/_reduction.py:42: UserWarning: size_average and reduce args will be deprecated, please use reduction='mean' instead.
  warnings.warn(warning.format(ret))
[INFO] => [Test SINetv2, Aug=Ture, Align=False]
[INFO] => [2021-04-25 00:35:55] => [Using Dataset CAMO]
[INFO] => [2021-04-25 00:36:16] => [Using Dataset CHAMELEON]
[INFO] => [2021-04-25 00:36:24] => [Using Dataset COD10K_all_cam]
[INFO] => [2021-04-25 00:39:21] => [TEST DONE]
[INFO] => [2021-04-25 00:43:47] => [METRIC DONE: ./Result/SINet_COD10K_AllCam_sloss100aug_decs/COD10K_all_cam]
{'Smeasure': 0.822, 'wFmeasure': 0.701, 'MAE': 0.034, 'adpEm': 0.891, 'meanEm': 0.893, 'maxEm': 0.905, 'adpFm': 0.718, 'meanFm': 0.734, 'maxFm': 0.757}
[INFO] => [2021-04-25 00:44:16] => [METRIC DONE: ./Result/SINet_COD10K_AllCam_sloss100aug_decs/CAMO]
{'Smeasure': 0.717, 'wFmeasure': 0.597, 'MAE': 0.106, 'adpEm': 0.787, 'meanEm': 0.759, 'maxEm': 0.786, 'adpFm': 0.672, 'meanFm': 0.652, 'maxFm': 0.661}
[INFO] => [2021-04-25 00:44:29] => [METRIC DONE: ./Result/SINet_COD10K_AllCam_sloss100aug_decs/CHAMELEON]
{'Smeasure': 0.879, 'wFmeasure': 0.812, 'MAE': 0.033, 'adpEm': 0.933, 'meanEm': 0.937, 'maxEm': 0.954, 'adpFm': 0.823, 'meanFm': 0.829, 'maxFm': 0.852}
[2021/04/25 00:44:34]  => Start Train && Test && Evaluate for bce100_v2
/home/mzero/opts/miniConda/envs/cuda110base/lib/python3.7/site-packages/torch/nn/functional.py:3455: UserWarning: Default upsampling behavior when mode=bilinear is changed to align_corners=False since 0.4.0. Please specify align_corners=True if the old behavior is desired. See the documentation of nn.Upsample for details.
  "See the documentation of nn.Upsample for details.".format(mode)
/home/mzero/opts/miniConda/envs/cuda110base/lib/python3.7/site-packages/torch/nn/functional.py:3500: UserWarning: The default behavior for interpolate/upsample with float scale_factor changed in 1.6.0 to align with other frameworks/libraries, and now uses scale_factor directly, instead of relying on the computed output size. If you wish to restore the old behavior, please set recompute_scale_factor=True. See the documentation of nn.Upsample for details. 
  "The default behavior for interpolate/upsample with float scale_factor changed "
/home/mzero/opts/miniConda/envs/cuda110base/lib/python3.7/site-packages/torch/nn/functional.py:3455: UserWarning: Default upsampling behavior when mode=bilinear is changed to align_corners=False since 0.4.0. Please specify align_corners=True if the old behavior is desired. See the documentation of nn.Upsample for details.
  "See the documentation of nn.Upsample for details.".format(mode)
/home/mzero/opts/miniConda/envs/cuda110base/lib/python3.7/site-packages/torch/nn/functional.py:3500: UserWarning: The default behavior for interpolate/upsample with float scale_factor changed in 1.6.0 to align with other frameworks/libraries, and now uses scale_factor directly, instead of relying on the computed output size. If you wish to restore the old behavior, please set recompute_scale_factor=True. See the documentation of nn.Upsample for details. 
  "The default behavior for interpolate/upsample with float scale_factor changed "
[INFO] => [Test SINetv2, Aug=Ture, Align=False]
[INFO] => [2021-04-25 01:57:37] => [Using Dataset CAMO]
[INFO] => [2021-04-25 01:58:05] => [Using Dataset CHAMELEON]
[INFO] => [2021-04-25 01:58:16] => [Using Dataset COD10K_all_cam]
[INFO] => [2021-04-25 02:02:25] => [TEST DONE]
[INFO] => [2021-04-25 02:06:55] => [METRIC DONE: ./Result/SINet_COD10K_AllCam_bce100_v2/COD10K_all_cam]
{'Smeasure': 0.813, 'wFmeasure': 0.632, 'MAE': 0.04, 'adpEm': 0.822, 'meanEm': 0.84, 'maxEm': 0.904, 'adpFm': 0.631, 'meanFm': 0.687, 'maxFm': 0.738}
[INFO] => [2021-04-25 02:07:23] => [METRIC DONE: ./Result/SINet_COD10K_AllCam_bce100_v2/CAMO]
{'Smeasure': 0.707, 'wFmeasure': 0.547, 'MAE': 0.113, 'adpEm': 0.805, 'meanEm': 0.709, 'maxEm': 0.786, 'adpFm': 0.668, 'meanFm': 0.603, 'maxFm': 0.639}
[INFO] => [2021-04-25 02:07:37] => [METRIC DONE: ./Result/SINet_COD10K_AllCam_bce100_v2/CHAMELEON]
{'Smeasure': 0.869, 'wFmeasure': 0.742, 'MAE': 0.039, 'adpEm': 0.895, 'meanEm': 0.88, 'maxEm': 0.939, 'adpFm': 0.762, 'meanFm': 0.777, 'maxFm': 0.828}
[2021/04/25 02:07:42]  => Start Train && Test && Evaluate for bce100_decs
[INFO] => [Test SINetv2, Aug=Ture, Align=False]
[INFO] => [2021-04-25 03:58:09] => [Using Dataset CAMO]
[INFO] => [2021-04-25 03:58:35] => [Using Dataset CHAMELEON]
[INFO] => [2021-04-25 03:58:45] => [Using Dataset COD10K_all_cam]
[INFO] => [2021-04-25 04:02:21] => [TEST DONE]
[INFO] => [2021-04-25 04:06:45] => [METRIC DONE: ./Result/SINet_COD10K_AllCam_bce100_decs/COD10K_all_cam]
{'Smeasure': 0.821, 'wFmeasure': 0.664, 'MAE': 0.037, 'adpEm': 0.847, 'meanEm': 0.853, 'maxEm': 0.903, 'adpFm': 0.668, 'meanFm': 0.713, 'maxFm': 0.752}
[INFO] => [2021-04-25 04:07:13] => [METRIC DONE: ./Result/SINet_COD10K_AllCam_bce100_decs/CAMO]
{'Smeasure': 0.719, 'wFmeasure': 0.575, 'MAE': 0.108, 'adpEm': 0.804, 'meanEm': 0.728, 'maxEm': 0.793, 'adpFm': 0.684, 'meanFm': 0.63, 'maxFm': 0.664}
[INFO] => [2021-04-25 04:07:26] => [METRIC DONE: ./Result/SINet_COD10K_AllCam_bce100_decs/CHAMELEON]
{'Smeasure': 0.874, 'wFmeasure': 0.762, 'MAE': 0.037, 'adpEm': 0.903, 'meanEm': 0.884, 'maxEm': 0.936, 'adpFm': 0.791, 'meanFm': 0.79, 'maxFm': 0.826}
[2021/04/25 04:07:31]  => Start Train && Test && Evaluate for bce100aug_v2
/home/mzero/opts/miniConda/envs/cuda110base/lib/python3.7/site-packages/torch/nn/functional.py:3455: UserWarning: Default upsampling behavior when mode=bilinear is changed to align_corners=False since 0.4.0. Please specify align_corners=True if the old behavior is desired. See the documentation of nn.Upsample for details.
  "See the documentation of nn.Upsample for details.".format(mode)
/home/mzero/opts/miniConda/envs/cuda110base/lib/python3.7/site-packages/torch/nn/functional.py:3500: UserWarning: The default behavior for interpolate/upsample with float scale_factor changed in 1.6.0 to align with other frameworks/libraries, and now uses scale_factor directly, instead of relying on the computed output size. If you wish to restore the old behavior, please set recompute_scale_factor=True. See the documentation of nn.Upsample for details. 
  "The default behavior for interpolate/upsample with float scale_factor changed "
/home/mzero/opts/miniConda/envs/cuda110base/lib/python3.7/site-packages/torch/nn/functional.py:3455: UserWarning: Default upsampling behavior when mode=bilinear is changed to align_corners=False since 0.4.0. Please specify align_corners=True if the old behavior is desired. See the documentation of nn.Upsample for details.
  "See the documentation of nn.Upsample for details.".format(mode)
/home/mzero/opts/miniConda/envs/cuda110base/lib/python3.7/site-packages/torch/nn/functional.py:3500: UserWarning: The default behavior for interpolate/upsample with float scale_factor changed in 1.6.0 to align with other frameworks/libraries, and now uses scale_factor directly, instead of relying on the computed output size. If you wish to restore the old behavior, please set recompute_scale_factor=True. See the documentation of nn.Upsample for details. 
  "The default behavior for interpolate/upsample with float scale_factor changed "
[INFO] => [Test SINetv2, Aug=Ture, Align=False]
[INFO] => [2021-04-25 05:20:26] => [Using Dataset CAMO]
[INFO] => [2021-04-25 05:20:55] => [Using Dataset CHAMELEON]
[INFO] => [2021-04-25 05:21:07] => [Using Dataset COD10K_all_cam]
[INFO] => [2021-04-25 05:25:25] => [TEST DONE]
[INFO] => [2021-04-25 05:29:51] => [METRIC DONE: ./Result/SINet_COD10K_AllCam_bce100aug_v2/COD10K_all_cam]
{'Smeasure': 0.813, 'wFmeasure': 0.626, 'MAE': 0.04, 'adpEm': 0.816, 'meanEm': 0.836, 'maxEm': 0.903, 'adpFm': 0.625, 'meanFm': 0.683, 'maxFm': 0.737}
[INFO] => [2021-04-25 05:30:21] => [METRIC DONE: ./Result/SINet_COD10K_AllCam_bce100aug_v2/CAMO]
{'Smeasure': 0.72, 'wFmeasure': 0.563, 'MAE': 0.111, 'adpEm': 0.817, 'meanEm': 0.725, 'maxEm': 0.799, 'adpFm': 0.682, 'meanFm': 0.62, 'maxFm': 0.661}
[INFO] => [2021-04-25 05:30:34] => [METRIC DONE: ./Result/SINet_COD10K_AllCam_bce100aug_v2/CHAMELEON]
{'Smeasure': 0.873, 'wFmeasure': 0.747, 'MAE': 0.04, 'adpEm': 0.901, 'meanEm': 0.882, 'maxEm': 0.945, 'adpFm': 0.775, 'meanFm': 0.783, 'maxFm': 0.831}
[2021/04/25 05:30:40]  => Start Train && Test && Evaluate for bce100aug_decs
[INFO] => [Test SINetv2, Aug=Ture, Align=False]
[INFO] => [2021-04-25 07:21:28] => [Using Dataset CAMO]
[INFO] => [2021-04-25 07:21:55] => [Using Dataset CHAMELEON]
[INFO] => [2021-04-25 07:22:06] => [Using Dataset COD10K_all_cam]
[INFO] => [2021-04-25 07:25:51] => [TEST DONE]
[INFO] => [2021-04-25 07:30:31] => [METRIC DONE: ./Result/SINet_COD10K_AllCam_bce100aug_decs/COD10K_all_cam]
{'Smeasure': 0.822, 'wFmeasure': 0.662, 'MAE': 0.036, 'adpEm': 0.842, 'meanEm': 0.856, 'maxEm': 0.903, 'adpFm': 0.659, 'meanFm': 0.71, 'maxFm': 0.752}
[INFO] => [2021-04-25 07:31:01] => [METRIC DONE: ./Result/SINet_COD10K_AllCam_bce100aug_decs/CAMO]
{'Smeasure': 0.718, 'wFmeasure': 0.575, 'MAE': 0.107, 'adpEm': 0.818, 'meanEm': 0.728, 'maxEm': 0.807, 'adpFm': 0.689, 'meanFm': 0.628, 'maxFm': 0.668}
[INFO] => [2021-04-25 07:31:15] => [METRIC DONE: ./Result/SINet_COD10K_AllCam_bce100aug_decs/CHAMELEON]
{'Smeasure': 0.882, 'wFmeasure': 0.775, 'MAE': 0.036, 'adpEm': 0.909, 'meanEm': 0.894, 'maxEm': 0.95, 'adpFm': 0.789, 'meanFm': 0.805, 'maxFm': 0.851}
[2021/04/25 08:18:29]  => Start Train && Test && Evaluate for bce100_v2
/home/mzero/opts/miniConda/envs/cuda110base/lib/python3.7/site-packages/torch/nn/functional.py:3455: UserWarning: Default upsampling behavior when mode=bilinear is changed to align_corners=False since 0.4.0. Please specify align_corners=True if the old behavior is desired. See the documentation of nn.Upsample for details.
  "See the documentation of nn.Upsample for details.".format(mode)
/home/mzero/opts/miniConda/envs/cuda110base/lib/python3.7/site-packages/torch/nn/functional.py:3500: UserWarning: The default behavior for interpolate/upsample with float scale_factor changed in 1.6.0 to align with other frameworks/libraries, and now uses scale_factor directly, instead of relying on the computed output size. If you wish to restore the old behavior, please set recompute_scale_factor=True. See the documentation of nn.Upsample for details. 
  "The default behavior for interpolate/upsample with float scale_factor changed "
/home/mzero/opts/miniConda/envs/cuda110base/lib/python3.7/site-packages/torch/nn/functional.py:3455: UserWarning: Default upsampling behavior when mode=bilinear is changed to align_corners=False since 0.4.0. Please specify align_corners=True if the old behavior is desired. See the documentation of nn.Upsample for details.
  "See the documentation of nn.Upsample for details.".format(mode)
/home/mzero/opts/miniConda/envs/cuda110base/lib/python3.7/site-packages/torch/nn/functional.py:3500: UserWarning: The default behavior for interpolate/upsample with float scale_factor changed in 1.6.0 to align with other frameworks/libraries, and now uses scale_factor directly, instead of relying on the computed output size. If you wish to restore the old behavior, please set recompute_scale_factor=True. See the documentation of nn.Upsample for details. 
  "The default behavior for interpolate/upsample with float scale_factor changed "
[INFO] => [Test bce100_v2, Aug=False, Align=True]
[INFO] => [2021-04-25 09:26:03] => [Using Dataset CAMO]
[INFO] => [2021-04-25 09:26:22] => [Using Dataset CHAMELEON]
[INFO] => [2021-04-25 09:26:29] => [Using Dataset COD10K_all_cam]
[INFO] => [2021-04-25 09:29:15] => [TEST DONE]
[INFO] => [2021-04-25 09:34:02] => [METRIC DONE: ./Result/SINet_COD10K_AllCam_bce100_v2/COD10K_all_cam]
{'Smeasure': 0.79, 'wFmeasure': 0.626, 'MAE': 0.041, 'adpEm': 0.849, 'meanEm': 0.842, 'maxEm': 0.884, 'adpFm': 0.647, 'meanFm': 0.677, 'maxFm': 0.705}
[INFO] => [2021-04-25 09:34:32] => [METRIC DONE: ./Result/SINet_COD10K_AllCam_bce100_v2/CAMO]
{'Smeasure': 0.686, 'wFmeasure': 0.531, 'MAE': 0.116, 'adpEm': 0.768, 'meanEm': 0.699, 'maxEm': 0.767, 'adpFm': 0.642, 'meanFm': 0.591, 'maxFm': 0.617}
[INFO] => [2021-04-25 09:34:47] => [METRIC DONE: ./Result/SINet_COD10K_AllCam_bce100_v2/CHAMELEON]
{'Smeasure': 0.873, 'wFmeasure': 0.776, 'MAE': 0.036, 'adpEm': 0.92, 'meanEm': 0.906, 'maxEm': 0.943, 'adpFm': 0.792, 'meanFm': 0.804, 'maxFm': 0.834}
[2021/04/25 09:34:52]  => Start Train && Test && Evaluate for bce100_decs
[INFO] => [Test bce100_decs, Aug=False, Align=True]
[INFO] => [2021-04-25 11:21:53] => [Using Dataset CAMO]
[INFO] => [2021-04-25 11:22:14] => [Using Dataset CHAMELEON]
[INFO] => [2021-04-25 11:22:22] => [Using Dataset COD10K_all_cam]
[INFO] => [2021-04-25 11:25:35] => [TEST DONE]
[INFO] => [2021-04-25 11:30:00] => [METRIC DONE: ./Result/SINet_COD10K_AllCam_bce100_decs/COD10K_all_cam]
{'Smeasure': 0.799, 'wFmeasure': 0.643, 'MAE': 0.039, 'adpEm': 0.85, 'meanEm': 0.856, 'maxEm': 0.886, 'adpFm': 0.657, 'meanFm': 0.695, 'maxFm': 0.722}
[INFO] => [2021-04-25 11:30:31] => [METRIC DONE: ./Result/SINet_COD10K_AllCam_bce100_decs/CAMO]
{'Smeasure': 0.708, 'wFmeasure': 0.574, 'MAE': 0.108, 'adpEm': 0.797, 'meanEm': 0.741, 'maxEm': 0.796, 'adpFm': 0.677, 'meanFm': 0.639, 'maxFm': 0.664}
[INFO] => [2021-04-25 11:30:45] => [METRIC DONE: ./Result/SINet_COD10K_AllCam_bce100_decs/CHAMELEON]
{'Smeasure': 0.879, 'wFmeasure': 0.79, 'MAE': 0.035, 'adpEm': 0.923, 'meanEm': 0.912, 'maxEm': 0.941, 'adpFm': 0.805, 'meanFm': 0.817, 'maxFm': 0.847}
[2021/04/25 13:11:48]  => Start Train && Test && Evaluate for Single_MinDecs2
/home/mzero/opts/miniConda/envs/cuda110base/lib/python3.7/site-packages/torch/nn/_reduction.py:42: UserWarning: size_average and reduce args will be deprecated, please use reduction='mean' instead.
  warnings.warn(warning.format(ret))
[2021/04/25 13:12:03]  => Start Train && Test && Evaluate for Single_MinDecs2
[INFO] => [Test Single_MinDecs2, Aug=Ture, Align=False]
[INFO] => [2021-04-25 14:42:47] => [Using Dataset CAMO]
[INFO] => [2021-04-25 14:43:11] => [Using Dataset CHAMELEON]
[INFO] => [2021-04-25 14:43:20] => [Using Dataset COD10K_all_cam]
[INFO] => [2021-04-25 14:46:23] => [TEST DONE]
[INFO] => [2021-04-25 14:50:56] => [METRIC DONE: ./Result/SINet_COD10K_AllCam_Single_MinDecs2/COD10K_all_cam]
{'Smeasure': 0.822, 'wFmeasure': 0.702, 'MAE': 0.034, 'adpEm': 0.893, 'meanEm': 0.896, 'maxEm': 0.908, 'adpFm': 0.719, 'meanFm': 0.736, 'maxFm': 0.759}
[INFO] => [2021-04-25 14:51:24] => [METRIC DONE: ./Result/SINet_COD10K_AllCam_Single_MinDecs2/CAMO]
{'Smeasure': 0.722, 'wFmeasure': 0.608, 'MAE': 0.106, 'adpEm': 0.8, 'meanEm': 0.768, 'maxEm': 0.804, 'adpFm': 0.686, 'meanFm': 0.663, 'maxFm': 0.676}
[INFO] => [2021-04-25 14:51:37] => [METRIC DONE: ./Result/SINet_COD10K_AllCam_Single_MinDecs2/CHAMELEON]
{'Smeasure': 0.88, 'wFmeasure': 0.809, 'MAE': 0.03, 'adpEm': 0.943, 'meanEm': 0.934, 'maxEm': 0.947, 'adpFm': 0.822, 'meanFm': 0.827, 'maxFm': 0.847}
[2021/04/25 14:51:42]  => Start Train && Test && Evaluate for Single_MinDecs
Traceback (most recent call last):
  File "train.py", line 95, in <module>
    exec("from Src.SINetAtten import " + opt.name+ " as __SINet")
  File "<string>", line 1, in <module>
ImportError: cannot import name 'Single_MinDecs' from 'Src.SINetAtten' (/home/mzero/Workspace/cod/SINet2/Src/SINetAtten.py)
[2021/04/25 15:03:41]  => Start Train && Test && Evaluate for Single_MinDec2s2
/home/mzero/opts/miniConda/envs/cuda110base/lib/python3.7/site-packages/torch/nn/_reduction.py:42: UserWarning: size_average and reduce args will be deprecated, please use reduction='mean' instead.
  warnings.warn(warning.format(ret))
[INFO] => [Test Single_MinDec2s2, Aug=Ture, Align=False]
[INFO] => [2021-04-25 16:34:23] => [Using Dataset CAMO]
[INFO] => [2021-04-25 16:34:45] => [Using Dataset CHAMELEON]
[INFO] => [2021-04-25 16:34:53] => [Using Dataset COD10K_all_cam]
[INFO] => [2021-04-25 16:37:55] => [TEST DONE]
[INFO] => [2021-04-25 16:42:39] => [METRIC DONE: ./Result/SINet_COD10K_AllCam_Single_MinDec2s2/COD10K_all_cam]
{'Smeasure': 0.821, 'wFmeasure': 0.7, 'MAE': 0.034, 'adpEm': 0.891, 'meanEm': 0.893, 'maxEm': 0.905, 'adpFm': 0.72, 'meanFm': 0.736, 'maxFm': 0.756}
[INFO] => [2021-04-25 16:43:10] => [METRIC DONE: ./Result/SINet_COD10K_AllCam_Single_MinDec2s2/CAMO]
{'Smeasure': 0.718, 'wFmeasure': 0.599, 'MAE': 0.106, 'adpEm': 0.793, 'meanEm': 0.753, 'maxEm': 0.8, 'adpFm': 0.684, 'meanFm': 0.657, 'maxFm': 0.674}
[INFO] => [2021-04-25 16:43:24] => [METRIC DONE: ./Result/SINet_COD10K_AllCam_Single_MinDec2s2/CHAMELEON]
{'Smeasure': 0.873, 'wFmeasure': 0.804, 'MAE': 0.034, 'adpEm': 0.923, 'meanEm': 0.917, 'maxEm': 0.93, 'adpFm': 0.817, 'meanFm': 0.822, 'maxFm': 0.841}
[2021/04/25 16:43:29]  => Start Train && Test && Evaluate for Single_MinDecs
Traceback (most recent call last):
  File "train.py", line 98, in <module>
    train(opt)
  File "train.py", line 79, in train
    trainer(train_loader=train_loader, model=model_SINet, optimizer=optimizer, opt=opt, loss_func=loss_func, total_step=total_step)
  File "/home/mzero/Workspace/cod/SINet2/Src/trainer.py", line 31, in trainer
    cam = model(images)
  File "/home/mzero/opts/miniConda/envs/cuda110base/lib/python3.7/site-packages/torch/nn/modules/module.py", line 889, in _call_impl
    result = self.forward(*input, **kwargs)
  File "/home/mzero/Workspace/cod/SINet2/Src/SINetSingle.py", line 367, in forward
    camouflage_map_sm = self.pdc_sm(x3_sm_rf, x2_sm_rf)
  File "/home/mzero/opts/miniConda/envs/cuda110base/lib/python3.7/site-packages/torch/nn/modules/module.py", line 889, in _call_impl
    result = self.forward(*input, **kwargs)
  File "/home/mzero/Workspace/cod/SINet2/Src/SINetSingle.py", line 328, in forward
    x3_2 = torch.cat((x3_1, self.conv_upsample5(self.upsample(x2))), 1)
  File "/home/mzero/opts/miniConda/envs/cuda110base/lib/python3.7/site-packages/torch/nn/modules/module.py", line 889, in _call_impl
    result = self.forward(*input, **kwargs)
  File "/home/mzero/Workspace/cod/SINet2/Src/SINetSingle.py", line 61, in forward
    x = self.conv(x)
  File "/home/mzero/opts/miniConda/envs/cuda110base/lib/python3.7/site-packages/torch/nn/modules/module.py", line 889, in _call_impl
    result = self.forward(*input, **kwargs)
  File "/home/mzero/opts/miniConda/envs/cuda110base/lib/python3.7/site-packages/torch/nn/modules/conv.py", line 399, in forward
    return self._conv_forward(input, self.weight, self.bias)
  File "/home/mzero/opts/miniConda/envs/cuda110base/lib/python3.7/site-packages/torch/nn/modules/conv.py", line 396, in _conv_forward
    self.padding, self.dilation, self.groups)
RuntimeError: Given groups=1, weight of size [64, 64, 3, 3], expected input[36, 32, 44, 44] to have 64 channels, but got 32 channels instead
[2021/04/25 16:43:44]  => Start Train && Test && Evaluate for Single_MinDec2s
Traceback (most recent call last):
  File "train.py", line 98, in <module>
    train(opt)
  File "train.py", line 79, in train
    trainer(train_loader=train_loader, model=model_SINet, optimizer=optimizer, opt=opt, loss_func=loss_func, total_step=total_step)
  File "/home/mzero/Workspace/cod/SINet2/Src/trainer.py", line 31, in trainer
    cam = model(images)
  File "/home/mzero/opts/miniConda/envs/cuda110base/lib/python3.7/site-packages/torch/nn/modules/module.py", line 889, in _call_impl
    result = self.forward(*input, **kwargs)
  File "/home/mzero/Workspace/cod/SINet2/Src/SINetSingle.py", line 512, in forward
    camouflage_map_sm = self.pdc_sm(x3_sm_rf, x2_sm_rf)
  File "/home/mzero/opts/miniConda/envs/cuda110base/lib/python3.7/site-packages/torch/nn/modules/module.py", line 889, in _call_impl
    result = self.forward(*input, **kwargs)
  File "/home/mzero/Workspace/cod/SINet2/Src/SINetSingle.py", line 328, in forward
    x3_2 = torch.cat((x3_1, self.conv_upsample5(self.upsample(x2))), 1)
  File "/home/mzero/opts/miniConda/envs/cuda110base/lib/python3.7/site-packages/torch/nn/modules/module.py", line 889, in _call_impl
    result = self.forward(*input, **kwargs)
  File "/home/mzero/Workspace/cod/SINet2/Src/SINetSingle.py", line 61, in forward
    x = self.conv(x)
  File "/home/mzero/opts/miniConda/envs/cuda110base/lib/python3.7/site-packages/torch/nn/modules/module.py", line 889, in _call_impl
    result = self.forward(*input, **kwargs)
  File "/home/mzero/opts/miniConda/envs/cuda110base/lib/python3.7/site-packages/torch/nn/modules/conv.py", line 399, in forward
    return self._conv_forward(input, self.weight, self.bias)
  File "/home/mzero/opts/miniConda/envs/cuda110base/lib/python3.7/site-packages/torch/nn/modules/conv.py", line 396, in _conv_forward
    self.padding, self.dilation, self.groups)
RuntimeError: Given groups=1, weight of size [64, 64, 3, 3], expected input[36, 32, 44, 44] to have 64 channels, but got 32 channels instead
[2021/04/26 09:45:24]  => Start Train && Test && Evaluate for Single_MTune_Dec
/home/mzero/opts/miniConda/envs/cuda110base/lib/python3.7/site-packages/torch/nn/_reduction.py:42: UserWarning: size_average and reduce args will be deprecated, please use reduction='mean' instead.
  warnings.warn(warning.format(ret))
Traceback (most recent call last):
  File "train.py", line 98, in <module>
    train(opt)
  File "train.py", line 79, in train
    trainer(train_loader=train_loader, model=model_SINet, optimizer=optimizer, opt=opt, loss_func=loss_func, total_step=total_step)
  File "/home/mzero/Workspace/cod/SINet2/Src/trainer.py", line 37, in trainer
    scaler.scale(loss_total).backward()
  File "/home/mzero/opts/miniConda/envs/cuda110base/lib/python3.7/site-packages/torch/tensor.py", line 245, in backward
    torch.autograd.backward(self, gradient, retain_graph, create_graph, inputs=inputs)
  File "/home/mzero/opts/miniConda/envs/cuda110base/lib/python3.7/site-packages/torch/autograd/__init__.py", line 147, in backward
    allow_unreachable=True, accumulate_grad=True)  # allow_unreachable flag
RuntimeError: CUDA out of memory. Tried to allocate 478.00 MiB (GPU 0; 10.75 GiB total capacity; 7.72 GiB already allocated; 306.81 MiB free; 9.33 GiB reserved in total by PyTorch)
[2021/04/26 09:45:41]  => Start Train && Test && Evaluate for Single_MTune_MinDec
/home/mzero/opts/miniConda/envs/cuda110base/lib/python3.7/site-packages/torch/nn/_reduction.py:42: UserWarning: size_average and reduce args will be deprecated, please use reduction='mean' instead.
  warnings.warn(warning.format(ret))
[INFO] => [Test Single_MTune_MinDec, Aug=Ture, Align=False]
[INFO] => [2021-04-26 11:13:16] => [Using Dataset CAMO]
[INFO] => [2021-04-26 11:13:37] => [Using Dataset CHAMELEON]
[INFO] => [2021-04-26 11:13:46] => [Using Dataset COD10K_all_cam]
[INFO] => [2021-04-26 11:16:47] => [TEST DONE]
[INFO] => [2021-04-26 11:21:08] => [METRIC DONE: ./Result/SINet_COD10K_AllCam_Single_MTune_MinDec/COD10K_all_cam]
{'Smeasure': 0.819, 'wFmeasure': 0.698, 'MAE': 0.035, 'adpEm': 0.888, 'meanEm': 0.892, 'maxEm': 0.904, 'adpFm': 0.715, 'meanFm': 0.733, 'maxFm': 0.756}
[INFO] => [2021-04-26 11:21:37] => [METRIC DONE: ./Result/SINet_COD10K_AllCam_Single_MTune_MinDec/CAMO]
{'Smeasure': 0.721, 'wFmeasure': 0.604, 'MAE': 0.106, 'adpEm': 0.795, 'meanEm': 0.767, 'maxEm': 0.796, 'adpFm': 0.678, 'meanFm': 0.661, 'maxFm': 0.672}
[INFO] => [2021-04-26 11:21:50] => [METRIC DONE: ./Result/SINet_COD10K_AllCam_Single_MTune_MinDec/CHAMELEON]
{'Smeasure': 0.875, 'wFmeasure': 0.802, 'MAE': 0.033, 'adpEm': 0.929, 'meanEm': 0.927, 'maxEm': 0.942, 'adpFm': 0.818, 'meanFm': 0.821, 'maxFm': 0.842}
[2021/04/26 22:24:36]  => Start Train && Test && Evaluate for sloss100aug_v2_inf
/home/mzero/opts/miniConda/envs/cuda110base/lib/python3.7/site-packages/torch/nn/functional.py:3455: UserWarning: Default upsampling behavior when mode=bilinear is changed to align_corners=False since 0.4.0. Please specify align_corners=True if the old behavior is desired. See the documentation of nn.Upsample for details.
  "See the documentation of nn.Upsample for details.".format(mode)
/home/mzero/opts/miniConda/envs/cuda110base/lib/python3.7/site-packages/torch/nn/functional.py:3500: UserWarning: The default behavior for interpolate/upsample with float scale_factor changed in 1.6.0 to align with other frameworks/libraries, and now uses scale_factor directly, instead of relying on the computed output size. If you wish to restore the old behavior, please set recompute_scale_factor=True. See the documentation of nn.Upsample for details. 
  "The default behavior for interpolate/upsample with float scale_factor changed "
/home/mzero/opts/miniConda/envs/cuda110base/lib/python3.7/site-packages/torch/nn/_reduction.py:42: UserWarning: size_average and reduce args will be deprecated, please use reduction='mean' instead.
  warnings.warn(warning.format(ret))
[2021/04/26 22:40:26]  => Start Train && Test && Evaluate for sloss100aug_decs_inf
/home/mzero/opts/miniConda/envs/cuda110base/lib/python3.7/site-packages/torch/nn/_reduction.py:42: UserWarning: size_average and reduce args will be deprecated, please use reduction='mean' instead.
  warnings.warn(warning.format(ret))
Terminated
[2021/04/26 22:42:08]  => Start Train && Test && Evaluate for sloss100aug_v2_inf
/home/mzero/opts/miniConda/envs/cuda110base/lib/python3.7/site-packages/torch/nn/functional.py:3455: UserWarning: Default upsampling behavior when mode=bilinear is changed to align_corners=False since 0.4.0. Please specify align_corners=True if the old behavior is desired. See the documentation of nn.Upsample for details.
  "See the documentation of nn.Upsample for details.".format(mode)
/home/mzero/opts/miniConda/envs/cuda110base/lib/python3.7/site-packages/torch/nn/functional.py:3500: UserWarning: The default behavior for interpolate/upsample with float scale_factor changed in 1.6.0 to align with other frameworks/libraries, and now uses scale_factor directly, instead of relying on the computed output size. If you wish to restore the old behavior, please set recompute_scale_factor=True. See the documentation of nn.Upsample for details. 
  "The default behavior for interpolate/upsample with float scale_factor changed "
/home/mzero/opts/miniConda/envs/cuda110base/lib/python3.7/site-packages/torch/nn/_reduction.py:42: UserWarning: size_average and reduce args will be deprecated, please use reduction='mean' instead.
  warnings.warn(warning.format(ret))
Traceback (most recent call last):
  File "/home/mzero/opts/miniConda/envs/cuda110base/lib/python3.7/multiprocessing/resource_sharer.py", line 142, in _serve
    with self._listener.accept() as conn:
  File "/home/mzero/opts/miniConda/envs/cuda110base/lib/python3.7/multiprocessing/connection.py", line 455, in accept
    deliver_challenge(c, self._authkey)
  File "/home/mzero/opts/miniConda/envs/cuda110base/lib/python3.7/multiprocessing/connection.py", line 730, in deliver_challenge
    response = connection.recv_bytes(256)        # reject large message
  File "/home/mzero/opts/miniConda/envs/cuda110base/lib/python3.7/multiprocessing/connection.py", line 216, in recv_bytes
    buf = self._recv_bytes(maxlength)
  File "/home/mzero/opts/miniConda/envs/cuda110base/lib/python3.7/multiprocessing/connection.py", line 407, in _recv_bytes
    buf = self._recv(4)
  File "/home/mzero/opts/miniConda/envs/cuda110base/lib/python3.7/multiprocessing/connection.py", line 379, in _recv
    chunk = read(handle, remaining)
ConnectionResetError: [Errno 104] Connection reset by peer
Terminated
[2021/04/26 22:44:41]  => Start Train && Test && Evaluate for slossaug_decs_inf
/home/mzero/opts/miniConda/envs/cuda110base/lib/python3.7/site-packages/torch/nn/_reduction.py:42: UserWarning: size_average and reduce args will be deprecated, please use reduction='mean' instead.
  warnings.warn(warning.format(ret))
[INFO] => [Test slossaug_decs_inf, Aug=Ture, Align=False]
[INFO] => [2021-04-27 02:14:02] => [Using Dataset CAMO]
[INFO] => [2021-04-27 02:14:23] => [Using Dataset CHAMELEON]
[INFO] => [2021-04-27 02:14:31] => [Using Dataset COD10K_all_cam]
[INFO] => [2021-04-27 02:17:21] => [TEST DONE]
[INFO] => [2021-04-27 02:21:41] => [METRIC DONE: ./Result/SINet_COD10K_AllCam_slossaug_decs_inf/COD10K_all_cam]
{'Smeasure': 0.819, 'wFmeasure': 0.7, 'MAE': 0.034, 'adpEm': 0.889, 'meanEm': 0.893, 'maxEm': 0.903, 'adpFm': 0.718, 'meanFm': 0.734, 'maxFm': 0.757}
[INFO] => [2021-04-27 02:22:09] => [METRIC DONE: ./Result/SINet_COD10K_AllCam_slossaug_decs_inf/CAMO]
{'Smeasure': 0.726, 'wFmeasure': 0.617, 'MAE': 0.102, 'adpEm': 0.802, 'meanEm': 0.774, 'maxEm': 0.811, 'adpFm': 0.689, 'meanFm': 0.673, 'maxFm': 0.683}
[INFO] => [2021-04-27 02:22:22] => [METRIC DONE: ./Result/SINet_COD10K_AllCam_slossaug_decs_inf/CHAMELEON]
{'Smeasure': 0.889, 'wFmeasure': 0.828, 'MAE': 0.03, 'adpEm': 0.941, 'meanEm': 0.942, 'maxEm': 0.957, 'adpFm': 0.839, 'meanFm': 0.843, 'maxFm': 0.862}
[2021/04/27 02:22:27]  => Start Train && Test && Evaluate for slossaug_mindecs2_inf
/home/mzero/opts/miniConda/envs/cuda110base/lib/python3.7/site-packages/torch/nn/_reduction.py:42: UserWarning: size_average and reduce args will be deprecated, please use reduction='mean' instead.
  warnings.warn(warning.format(ret))
[INFO] => [Test slossaug_mindecs2_inf, Aug=Ture, Align=False]
[INFO] => [2021-04-27 05:09:44] => [Using Dataset CAMO]
[INFO] => [2021-04-27 05:10:04] => [Using Dataset CHAMELEON]
[INFO] => [2021-04-27 05:10:12] => [Using Dataset COD10K_all_cam]
[INFO] => [2021-04-27 05:12:57] => [TEST DONE]
[INFO] => [2021-04-27 05:17:17] => [METRIC DONE: ./Result/SINet_COD10K_AllCam_slossaug_mindecs2_inf/COD10K_all_cam]
{'Smeasure': 0.82, 'wFmeasure': 0.702, 'MAE': 0.034, 'adpEm': 0.892, 'meanEm': 0.894, 'maxEm': 0.904, 'adpFm': 0.722, 'meanFm': 0.736, 'maxFm': 0.757}
[INFO] => [2021-04-27 05:17:45] => [METRIC DONE: ./Result/SINet_COD10K_AllCam_slossaug_mindecs2_inf/CAMO]
{'Smeasure': 0.709, 'wFmeasure': 0.588, 'MAE': 0.108, 'adpEm': 0.779, 'meanEm': 0.752, 'maxEm': 0.789, 'adpFm': 0.664, 'meanFm': 0.643, 'maxFm': 0.658}
[INFO] => [2021-04-27 05:17:58] => [METRIC DONE: ./Result/SINet_COD10K_AllCam_slossaug_mindecs2_inf/CHAMELEON]
{'Smeasure': 0.884, 'wFmeasure': 0.822, 'MAE': 0.029, 'adpEm': 0.942, 'meanEm': 0.941, 'maxEm': 0.956, 'adpFm': 0.835, 'meanFm': 0.837, 'maxFm': 0.855}
[2021/04/27 05:18:03]  => Start Train && Test && Evaluate for slossaug_v2_inf
/home/mzero/opts/miniConda/envs/cuda110base/lib/python3.7/site-packages/torch/nn/functional.py:3455: UserWarning: Default upsampling behavior when mode=bilinear is changed to align_corners=False since 0.4.0. Please specify align_corners=True if the old behavior is desired. See the documentation of nn.Upsample for details.
  "See the documentation of nn.Upsample for details.".format(mode)
/home/mzero/opts/miniConda/envs/cuda110base/lib/python3.7/site-packages/torch/nn/functional.py:3500: UserWarning: The default behavior for interpolate/upsample with float scale_factor changed in 1.6.0 to align with other frameworks/libraries, and now uses scale_factor directly, instead of relying on the computed output size. If you wish to restore the old behavior, please set recompute_scale_factor=True. See the documentation of nn.Upsample for details. 
  "The default behavior for interpolate/upsample with float scale_factor changed "
/home/mzero/opts/miniConda/envs/cuda110base/lib/python3.7/site-packages/torch/nn/_reduction.py:42: UserWarning: size_average and reduce args will be deprecated, please use reduction='mean' instead.
  warnings.warn(warning.format(ret))
/home/mzero/opts/miniConda/envs/cuda110base/lib/python3.7/site-packages/torch/nn/functional.py:3455: UserWarning: Default upsampling behavior when mode=bilinear is changed to align_corners=False since 0.4.0. Please specify align_corners=True if the old behavior is desired. See the documentation of nn.Upsample for details.
  "See the documentation of nn.Upsample for details.".format(mode)
/home/mzero/opts/miniConda/envs/cuda110base/lib/python3.7/site-packages/torch/nn/functional.py:3500: UserWarning: The default behavior for interpolate/upsample with float scale_factor changed in 1.6.0 to align with other frameworks/libraries, and now uses scale_factor directly, instead of relying on the computed output size. If you wish to restore the old behavior, please set recompute_scale_factor=True. See the documentation of nn.Upsample for details. 
  "The default behavior for interpolate/upsample with float scale_factor changed "
[INFO] => [Test slossaug_v2_inf, Aug=Ture, Align=False]
[INFO] => [2021-04-27 06:49:54] => [Using Dataset CAMO]
[INFO] => [2021-04-27 06:50:15] => [Using Dataset CHAMELEON]
[INFO] => [2021-04-27 06:50:23] => [Using Dataset COD10K_all_cam]
[INFO] => [2021-04-27 06:53:22] => [TEST DONE]
[INFO] => [2021-04-27 06:57:40] => [METRIC DONE: ./Result/SINet_COD10K_AllCam_slossaug_v2_inf/COD10K_all_cam]
{'Smeasure': 0.813, 'wFmeasure': 0.68, 'MAE': 0.036, 'adpEm': 0.874, 'meanEm': 0.888, 'maxEm': 0.904, 'adpFm': 0.689, 'meanFm': 0.718, 'maxFm': 0.745}
[INFO] => [2021-04-27 06:58:07] => [METRIC DONE: ./Result/SINet_COD10K_AllCam_slossaug_v2_inf/CAMO]
{'Smeasure': 0.721, 'wFmeasure': 0.6, 'MAE': 0.108, 'adpEm': 0.794, 'meanEm': 0.76, 'maxEm': 0.789, 'adpFm': 0.673, 'meanFm': 0.657, 'maxFm': 0.669}
[INFO] => [2021-04-27 06:58:20] => [METRIC DONE: ./Result/SINet_COD10K_AllCam_slossaug_v2_inf/CHAMELEON]
{'Smeasure': 0.877, 'wFmeasure': 0.8, 'MAE': 0.034, 'adpEm': 0.93, 'meanEm': 0.932, 'maxEm': 0.951, 'adpFm': 0.813, 'meanFm': 0.822, 'maxFm': 0.845}
[2021/04/27 12:24:00]  => Start Train && Test && Evaluate for slossaug_decs_inf
/home/mzero/opts/miniConda/envs/cuda110base/lib/python3.7/site-packages/torch/nn/_reduction.py:42: UserWarning: size_average and reduce args will be deprecated, please use reduction='mean' instead.
  warnings.warn(warning.format(ret))
[2021/04/27 12:25:20]  => Start Train && Test && Evaluate for slossaug_decs_inf
/home/mzero/opts/miniConda/envs/cuda110base/lib/python3.7/site-packages/torch/nn/_reduction.py:42: UserWarning: size_average and reduce args will be deprecated, please use reduction='mean' instead.
  warnings.warn(warning.format(ret))
[2021/04/27 13:30:11]  => Start Train && Test && Evaluate for slossaug_decs_inf
/home/mzero/opts/miniConda/envs/cuda110base/lib/python3.7/site-packages/torch/nn/_reduction.py:42: UserWarning: size_average and reduce args will be deprecated, please use reduction='mean' instead.
  warnings.warn(warning.format(ret))
Traceback (most recent call last):
  File "train.py", line 190, in <module>
    train(opt)
  File "train.py", line 171, in train
    trainer(train_loader=train_loader, model=model_SINet, optimizer=optimizer, opt=opt, loss_func=loss_func, total_step=total_step)
  File "train.py", line 46, in trainer
    scaler.scale(loss_total).backward()
  File "/home/mzero/opts/miniConda/envs/cuda110base/lib/python3.7/site-packages/torch/tensor.py", line 245, in backward
    torch.autograd.backward(self, gradient, retain_graph, create_graph, inputs=inputs)
  File "/home/mzero/opts/miniConda/envs/cuda110base/lib/python3.7/site-packages/torch/autograd/__init__.py", line 147, in backward
    allow_unreachable=True, accumulate_grad=True)  # allow_unreachable flag
RuntimeError: CUDA out of memory. Tried to allocate 478.00 MiB (GPU 0; 10.75 GiB total capacity; 7.95 GiB already allocated; 196.81 MiB free; 9.44 GiB reserved in total by PyTorch)
[2021/04/27 15:24:16]  => Start Train && Test && Evaluate for slossaug_mindecs2_inf
/home/mzero/opts/miniConda/envs/cuda110base/lib/python3.7/site-packages/torch/nn/_reduction.py:42: UserWarning: size_average and reduce args will be deprecated, please use reduction='mean' instead.
  warnings.warn(warning.format(ret))
[INFO] => [Test slossaug_mindecs2_inf, Aug=Ture, Align=False]
[INFO] => [2021-04-27 17:34:18] => [Using Dataset CAMO]
[INFO] => [2021-04-27 17:34:39] => [Using Dataset CHAMELEON]
[INFO] => [2021-04-27 17:34:47] => [Using Dataset COD10K_all_cam]
[INFO] => [2021-04-27 17:37:40] => [TEST DONE]
[INFO] => [2021-04-27 17:42:01] => [METRIC DONE: ./Result/SINet_COD10K_AllCam_slossaug_mindecs2_inf/COD10K_all_cam]
{'Smeasure': 0.822, 'wFmeasure': 0.703, 'MAE': 0.034, 'adpEm': 0.888, 'meanEm': 0.894, 'maxEm': 0.906, 'adpFm': 0.72, 'meanFm': 0.737, 'maxFm': 0.761}
[INFO] => [2021-04-27 17:42:29] => [METRIC DONE: ./Result/SINet_COD10K_AllCam_slossaug_mindecs2_inf/CAMO]
{'Smeasure': 0.725, 'wFmeasure': 0.61, 'MAE': 0.103, 'adpEm': 0.802, 'meanEm': 0.77, 'maxEm': 0.807, 'adpFm': 0.686, 'meanFm': 0.665, 'maxFm': 0.681}
[INFO] => [2021-04-27 17:42:42] => [METRIC DONE: ./Result/SINet_COD10K_AllCam_slossaug_mindecs2_inf/CHAMELEON]
{'Smeasure': 0.893, 'wFmeasure': 0.828, 'MAE': 0.03, 'adpEm': 0.94, 'meanEm': 0.936, 'maxEm': 0.95, 'adpFm': 0.841, 'meanFm': 0.845, 'maxFm': 0.865}
[2021/04/27 17:42:47]  => Start Train && Test && Evaluate for slossaug_v2_inf
/home/mzero/opts/miniConda/envs/cuda110base/lib/python3.7/site-packages/torch/nn/functional.py:3455: UserWarning: Default upsampling behavior when mode=bilinear is changed to align_corners=False since 0.4.0. Please specify align_corners=True if the old behavior is desired. See the documentation of nn.Upsample for details.
  "See the documentation of nn.Upsample for details.".format(mode)
/home/mzero/opts/miniConda/envs/cuda110base/lib/python3.7/site-packages/torch/nn/functional.py:3500: UserWarning: The default behavior for interpolate/upsample with float scale_factor changed in 1.6.0 to align with other frameworks/libraries, and now uses scale_factor directly, instead of relying on the computed output size. If you wish to restore the old behavior, please set recompute_scale_factor=True. See the documentation of nn.Upsample for details. 
  "The default behavior for interpolate/upsample with float scale_factor changed "
/home/mzero/opts/miniConda/envs/cuda110base/lib/python3.7/site-packages/torch/nn/_reduction.py:42: UserWarning: size_average and reduce args will be deprecated, please use reduction='mean' instead.
  warnings.warn(warning.format(ret))
/home/mzero/opts/miniConda/envs/cuda110base/lib/python3.7/site-packages/torch/nn/functional.py:3455: UserWarning: Default upsampling behavior when mode=bilinear is changed to align_corners=False since 0.4.0. Please specify align_corners=True if the old behavior is desired. See the documentation of nn.Upsample for details.
  "See the documentation of nn.Upsample for details.".format(mode)
/home/mzero/opts/miniConda/envs/cuda110base/lib/python3.7/site-packages/torch/nn/functional.py:3500: UserWarning: The default behavior for interpolate/upsample with float scale_factor changed in 1.6.0 to align with other frameworks/libraries, and now uses scale_factor directly, instead of relying on the computed output size. If you wish to restore the old behavior, please set recompute_scale_factor=True. See the documentation of nn.Upsample for details. 
  "The default behavior for interpolate/upsample with float scale_factor changed "
[INFO] => [Test slossaug_v2_inf, Aug=Ture, Align=False]
[INFO] => [2021-04-27 19:30:17] => [Using Dataset CAMO]
[INFO] => [2021-04-27 19:30:41] => [Using Dataset CHAMELEON]
[INFO] => [2021-04-27 19:30:50] => [Using Dataset COD10K_all_cam]
[INFO] => [2021-04-27 19:34:03] => [TEST DONE]
[INFO] => [2021-04-27 19:38:24] => [METRIC DONE: ./Result/SINet_COD10K_AllCam_slossaug_v2_inf/COD10K_all_cam]
{'Smeasure': 0.81, 'wFmeasure': 0.675, 'MAE': 0.037, 'adpEm': 0.866, 'meanEm': 0.884, 'maxEm': 0.902, 'adpFm': 0.682, 'meanFm': 0.713, 'maxFm': 0.744}
[INFO] => [2021-04-27 19:38:52] => [METRIC DONE: ./Result/SINet_COD10K_AllCam_slossaug_v2_inf/CAMO]
{'Smeasure': 0.723, 'wFmeasure': 0.602, 'MAE': 0.106, 'adpEm': 0.805, 'meanEm': 0.764, 'maxEm': 0.799, 'adpFm': 0.683, 'meanFm': 0.659, 'maxFm': 0.673}
[INFO] => [2021-04-27 19:39:05] => [METRIC DONE: ./Result/SINet_COD10K_AllCam_slossaug_v2_inf/CHAMELEON]
{'Smeasure': 0.871, 'wFmeasure': 0.795, 'MAE': 0.034, 'adpEm': 0.919, 'meanEm': 0.928, 'maxEm': 0.949, 'adpFm': 0.807, 'meanFm': 0.817, 'maxFm': 0.843}
